<?xml version="1.0" encoding="UTF-8"?>
<!-- Generated by org.testng.reporters.JUnitReportReporter -->
<testsuite hostname="DESKTOP-9K5991T" failures="0" tests="5" name="com.qa.tests.ContactsPagTest" time="66.306" errors="0" timestamp="2024-09-20T11:13:05 IST" skipped="0">
  <testcase classname="com.qa.tests.ContactsPagTest" name="contactLabelTest" time="11.936"/>
  <testcase classname="com.qa.tests.ContactsPagTest" name="selectMultipleContactTest" time="13.632"/>
  <testcase classname="com.qa.tests.ContactsPagTest" name="validateCreateNewContact" time="13.292"/>
  <testcase classname="com.qa.tests.ContactsPagTest" name="validateCreateNewContact" time="13.464"/>
  <testcase classname="com.qa.tests.ContactsPagTest" name="validateCreateNewContact" time="13.982"/>
</testsuite> <!-- com.qa.tests.ContactsPagTest -->
