<?xml version="1.0" encoding="UTF-8"?>
<!-- Generated by org.testng.reporters.JUnitReportReporter -->
<testsuite hostname="DESKTOP-9K5991T" failures="0" tests="2" name="com.qa.tests.HomePageTest" time="20.513" errors="0" timestamp="2024-09-20T12:24:14 IST" skipped="0">
  <testcase classname="com.qa.tests.HomePageTest" name="homePageTest" time="9.936"/>
  <testcase classname="com.qa.tests.HomePageTest" name="contactLinkTest" time="10.577"/>
</testsuite> <!-- com.qa.tests.HomePageTest -->
