<?xml version="1.0" encoding="UTF-8"?>
<!-- Generated by org.testng.reporters.JUnitReportReporter -->
<testsuite hostname="DESKTOP-9K5991T" failures="0" tests="2" name="com.qa.tests.LoginPageTest" time="19.219" errors="0" timestamp="2024-09-20T12:24:14 IST" skipped="0">
  <testcase classname="com.qa.tests.LoginPageTest" name="loginpageTitleTest" time="9.144"/>
  <testcase classname="com.qa.tests.LoginPageTest" name="loginTest" time="10.075"/>
</testsuite> <!-- com.qa.tests.LoginPageTest -->
